17:13:01,503 root DEBUG [Errno 2] No such file or directory: 'bp.csv'
17:24:03,212 root DEBUG list index out of range
17:24:03,213 root DEBUG name 'view' is not defined
17:24:03,214 root DEBUG name 'view' is not defined
17:42:58,186 root DEBUG list index out of range
17:43:01,700 root DEBUG 'in <string>' requires string as left operand, not NoneType
17:47:07,452 root DEBUG list index out of range
17:47:07,453 root DEBUG 'NoneType' object is not iterable
17:47:07,453 root DEBUG 'NoneType' object is not iterable
17:47:29,868 root DEBUG [Errno 2] No such file or directory: 'bp.csv'
17:47:29,868 root DEBUG 'NoneType' object has no attribute 'replace'
17:47:45,563 root DEBUG [Errno 2] No such file or directory: 'bp.csv'
17:47:45,571 root DEBUG 'NoneType' object has no attribute 'replace'
17:48:17,845 root DEBUG [Errno 2] No such file or directory: 'bp.csv'
17:48:39,955 root DEBUG list index out of range
17:48:39,955 root DEBUG 'NoneType' object is not iterable
17:48:39,956 root DEBUG 'NoneType' object is not iterable
17:56:29,872 root DEBUG [Errno 2] No such file or directory: 'bp.csv'
17:56:51,720 root DEBUG list index out of range
17:59:43,784 root DEBUG [Errno 2] No such file or directory: 'bp.csv'
18:00:11,288 root DEBUG list index out of range
18:00:11,289 root DEBUG 'NoneType' object is not iterable
18:01:02,87 root DEBUG [Errno 2] No such file or directory: 'bp.csv'
18:01:02,87 root DEBUG 'NoneType' object has no attribute 'replace'
18:01:02,87 root DEBUG 'NoneType' object is not iterable
18:04:24,914 root DEBUG list index out of range
18:04:44,338 root DEBUG list index out of range
18:06:08,466 root DEBUG list index out of range
18:08:01,105 root DEBUG 'list' object has no attribute 'apend'
18:14:04,924 root DEBUG list.append() takes exactly one argument (0 given)
18:23:46,604 root DEBUG [Errno 2] No such file or directory: 'bp.csv'
19:26:39,918 root DEBUG string index out of range
19:27:06,286 root DEBUG string index out of range
19:33:36,466 root DEBUG [Errno 2] No such file or directory: 'bp.csv'
19:34:51,975 root DEBUG [Errno 2] No such file or directory: 'bp.csv'
19:34:54,991 root DEBUG [Errno 2] No such file or directory: 'bp.csv'
19:34:54,991 root DEBUG 'NoneType' object has no attribute 'replace'
19:34:56,824 root DEBUG [Errno 2] No such file or directory: 'bp.csv'
19:34:56,824 root DEBUG 'NoneType' object has no attribute 'replace'
19:34:57,607 root DEBUG [Errno 2] No such file or directory: 'bp.csv'
19:34:57,607 root DEBUG 'NoneType' object has no attribute 'replace'
19:34:58,356 root DEBUG [Errno 2] No such file or directory: 'bp.csv'
19:34:58,356 root DEBUG 'NoneType' object has no attribute 'replace'
19:34:58,969 root DEBUG [Errno 2] No such file or directory: 'bp.csv'
19:34:58,969 root DEBUG 'NoneType' object has no attribute 'replace'
19:36:47,130 root DEBUG [Errno 2] No such file or directory: 'bp.csv'
